<?xml version="1.0" encoding="UTF-8"?>
<!-- Generated by org.testng.reporters.JUnitReportReporter -->
<testsuite hostname="MSI" failures="0" tests="1" name="com.wingify.test.LoginTest" time="5.917" errors="0" timestamp="12 Feb 2024 07:34:30 GMT">
  <testcase classname="com.wingify.test.LoginTest" name="validate_RememberMe_Checkbox" time="5.917"/>
</testsuite> <!-- com.wingify.test.LoginTest -->
