<?xml version="1.0" encoding="UTF-8"?>
<!-- Generated by org.testng.reporters.JUnitReportReporter -->
<testsuite hostname="MSI" failures="0" tests="1" name="com.wingify.test.HomepageTest" time="5.029" errors="0" timestamp="11 Feb 2024 18:32:03 GMT">
  <testcase classname="com.wingify.test.HomepageTest" name="validateAmountHeader" time="5.029"/>
</testsuite> <!-- com.wingify.test.HomepageTest -->
